<?xml version="1.0" encoding="UTF-8"?>
<!-- Generated by org.testng.reporters.JUnitXMLReporter -->
<testsuite ignored="6" hostname="ZA-5CD350K5XF" failures="0" tests="2" name="Default test" time="2.574" errors="0" timestamp="2024-12-05T13:02:43 SAST">
  <testcase classname="com.spotify.tests.PlayList" name="testCreatePlaylist" time="1.983"/>
  <testcase classname="com.spotify.tests.PlayList" name="testAddPlaylistInvalid" time="0.301"/>
  <testcase classname="com.spotify.tests.PlayList" name="testAddPlaylist" time="0.0">
    <ignored/>
  </testcase> <!-- testAddPlaylist -->
  <testcase classname="com.spotify.tests.PlayList" name="testCreatePlaylistvalid" time="0.0">
    <ignored/>
  </testcase> <!-- testCreatePlaylistvalid -->
  <testcase classname="com.spotify.tests.PlayList" name="testDeletePlaylist" time="0.0">
    <ignored/>
  </testcase> <!-- testDeletePlaylist -->
  <testcase classname="com.spotify.tests.PlayList" name="testGetPlaylistWithinvalidToken" time="0.0">
    <ignored/>
  </testcase> <!-- testGetPlaylistWithinvalidToken -->
  <testcase classname="com.spotify.tests.PlayList" name="testGetPlaylistWithvalidToken" time="0.0">
    <ignored/>
  </testcase> <!-- testGetPlaylistWithvalidToken -->
  <testcase classname="com.spotify.tests.PlayList" name="testUpdatePlaylist" time="0.0">
    <ignored/>
  </testcase> <!-- testUpdatePlaylist -->
</testsuite> <!-- Default test -->
