<?xml version="1.0" encoding="UTF-8"?>
<testng-results ignored="0" total="2" passed="2" failed="0" skipped="0">
  <reporter-output>
  </reporter-output>
  <suite started-at="2024-12-05T13:02:41 SAST" name="Default suite" finished-at="2024-12-05T13:02:43 SAST" duration-ms="2574">
    <groups>
    </groups>
    <test started-at="2024-12-05T13:02:41 SAST" name="Default test" finished-at="2024-12-05T13:02:43 SAST" duration-ms="2574">
      <class name="com.spotify.tests.PlayList">
        <test-method is-config="true" signature="setup()[pri:0, instance:com.spotify.tests.PlayList@61019f59]" started-at="2024-12-05T13:02:41 SAST" name="setup" finished-at="2024-12-05T13:02:41 SAST" duration-ms="136" status="PASS">
          <reporter-output>
          </reporter-output>
        </test-method> <!-- setup -->
        <test-method signature="testCreatePlaylist()[pri:3, instance:com.spotify.tests.PlayList@61019f59]" started-at="2024-12-05T13:02:41 SAST" name="testCreatePlaylist" finished-at="2024-12-05T13:02:43 SAST" duration-ms="1983" status="PASS">
          <reporter-output>
          </reporter-output>
        </test-method> <!-- testCreatePlaylist -->
        <test-method signature="testAddPlaylistInvalid()[pri:5, instance:com.spotify.tests.PlayList@61019f59]" started-at="2024-12-05T13:02:43 SAST" name="testAddPlaylistInvalid" finished-at="2024-12-05T13:02:43 SAST" duration-ms="301" status="PASS">
          <reporter-output>
          </reporter-output>
        </test-method> <!-- testAddPlaylistInvalid -->
      </class> <!-- com.spotify.tests.PlayList -->
    </test> <!-- Default test -->
  </suite> <!-- Default suite -->
</testng-results>
